http://das.sdss.org/imaging/1458/40/dr/5/drObj-001458-5-40-0570.fit
http://das.sdss.org/imaging/1458/40/dr/5/drField-001458-5-40-0570.fit
http://das.sdss.org/imaging/1458/40/corr/5/fpC-001458-u5-0570.fit.gz
http://das.sdss.org/imaging/1458/40/corr/5/fpC-001458-g5-0570.fit.gz
http://das.sdss.org/imaging/1458/40/corr/5/fpC-001458-r5-0570.fit.gz
http://das.sdss.org/imaging/1458/40/corr/5/fpC-001458-i5-0570.fit.gz
http://das.sdss.org/imaging/1458/40/corr/5/fpC-001458-z5-0570.fit.gz
http://das.sdss.org/imaging/1458/40/dr/5/drObj-001458-5-40-0571.fit
http://das.sdss.org/imaging/1458/40/dr/5/drField-001458-5-40-0571.fit
http://das.sdss.org/imaging/1458/40/corr/5/fpC-001458-u5-0571.fit.gz
http://das.sdss.org/imaging/1458/40/corr/5/fpC-001458-g5-0571.fit.gz
http://das.sdss.org/imaging/1458/40/corr/5/fpC-001458-r5-0571.fit.gz
http://das.sdss.org/imaging/1458/40/corr/5/fpC-001458-i5-0571.fit.gz
http://das.sdss.org/imaging/1458/40/corr/5/fpC-001458-z5-0571.fit.gz
http://das.sdss.org/imaging/1462/40/dr/5/drObj-001462-5-40-0566.fit
http://das.sdss.org/imaging/1462/40/dr/5/drField-001462-5-40-0566.fit
http://das.sdss.org/imaging/1462/40/corr/5/fpC-001462-u5-0566.fit.gz
http://das.sdss.org/imaging/1462/40/corr/5/fpC-001462-g5-0566.fit.gz
http://das.sdss.org/imaging/1462/40/corr/5/fpC-001462-r5-0566.fit.gz
http://das.sdss.org/imaging/1462/40/corr/5/fpC-001462-i5-0566.fit.gz
http://das.sdss.org/imaging/1462/40/corr/5/fpC-001462-z5-0566.fit.gz
http://das.sdss.org/imaging/1462/40/dr/5/drObj-001462-5-40-0567.fit
http://das.sdss.org/imaging/1462/40/dr/5/drField-001462-5-40-0567.fit
http://das.sdss.org/imaging/1462/40/corr/5/fpC-001462-u5-0567.fit.gz
http://das.sdss.org/imaging/1462/40/corr/5/fpC-001462-g5-0567.fit.gz
http://das.sdss.org/imaging/1462/40/corr/5/fpC-001462-r5-0567.fit.gz
http://das.sdss.org/imaging/1462/40/corr/5/fpC-001462-i5-0567.fit.gz
http://das.sdss.org/imaging/1462/40/corr/5/fpC-001462-z5-0567.fit.gz
